{
  "stats": {
    "suites": 1,
    "tests": 2,
    "passes": 2,
    "pending": 0,
    "failures": 0,
    "start": "2023-03-30T21:45:58.995Z",
    "end": "2023-03-30T21:46:15.323Z",
    "duration": 16328,
    "testsRegistered": 2,
    "passPercent": 100,
    "pendingPercent": 0,
    "other": 0,
    "hasOther": false,
    "skipped": 0,
    "hasSkipped": false
  },
  "results": [
    {
      "uuid": "5526fa23-8c9d-4b47-b942-1b01ead3e155",
      "title": "",
      "fullFile": "cypress/integration/mentorama-test.spec.js",
      "file": "cypress/integration/mentorama-test.spec.js",
      "beforeHooks": [],
      "afterHooks": [],
      "tests": [],
      "suites": [
        {
          "uuid": "99e117c7-0d2f-4f7e-81ea-797b3751ca4c",
          "title": "Acessar blog do Talking About Testing",
          "fullFile": "",
          "file": "",
          "beforeHooks": [],
          "afterHooks": [],
          "tests": [
            {
              "title": "Positivo: Validar direcionamento para o segundo curso",
              "fullTitle": "Acessar blog do Talking About Testing Positivo: Validar direcionamento para o segundo curso",
              "timedOut": null,
              "duration": 8219,
              "state": "passed",
              "speed": "medium",
              "pass": true,
              "fail": false,
              "pending": false,
              "context": null,
              "code": "cy.get('#post-6097 > .hentry-wrapper > .entry-header > .entry-header-wrapper > .entry-title').click();\ncy.url().should('be.equal', 'https://talkingabouttesting.com/2023/02/01/diferencas-entre-os-comandos-cy-get-e-cy-contains-do-cypress/');\ncy.get('.entry-content > :nth-child(14)').should('be.visible');",
              "err": {},
              "uuid": "37e4b262-bb8e-4a87-be72-6ffc6ab61a9d",
              "parentUUID": "99e117c7-0d2f-4f7e-81ea-797b3751ca4c",
              "isHook": false,
              "skipped": false
            },
            {
              "title": "Negativo: Validar campo de pesquisa com texto inválido",
              "fullTitle": "Acessar blog do Talking About Testing Negativo: Validar campo de pesquisa com texto inválido",
              "timedOut": null,
              "duration": 5516,
              "state": "passed",
              "speed": "medium",
              "pass": true,
              "fail": false,
              "pending": false,
              "context": null,
              "code": "cy.get('#search-2 > .search-form > label > .search-field').type('kssksksks');\ncy.get('#search-2 > .search-form > .search-submit').click();\ncy.get('.page-title').should('contain', 'Nenhum resultado');",
              "err": {},
              "uuid": "cdb40f62-edf9-406b-9506-cc949e145f22",
              "parentUUID": "99e117c7-0d2f-4f7e-81ea-797b3751ca4c",
              "isHook": false,
              "skipped": false
            }
          ],
          "suites": [],
          "passes": [
            "37e4b262-bb8e-4a87-be72-6ffc6ab61a9d",
            "cdb40f62-edf9-406b-9506-cc949e145f22"
          ],
          "failures": [],
          "pending": [],
          "skipped": [],
          "duration": 13735,
          "root": false,
          "rootEmpty": false,
          "_timeout": 2000
        }
      ],
      "passes": [],
      "failures": [],
      "pending": [],
      "skipped": [],
      "duration": 0,
      "root": true,
      "rootEmpty": true,
      "_timeout": 2000
    }
  ],
  "meta": {
    "mocha": {
      "version": "7.0.1"
    },
    "mochawesome": {
      "options": {
        "quiet": false,
        "reportFilename": "mochawesome",
        "saveHtml": true,
        "saveJson": true,
        "consoleReporter": "spec",
        "useInlineDiffs": false,
        "code": true
      },
      "version": "7.1.3"
    },
    "marge": {
      "options": null,
      "version": "6.2.0"
    }
  }
}